<?xml version="1.0" encoding="UTF-8"?>
<testsuite xmlns:xsi="http://www.w3.org/2001/XMLSchema-instance" xsi:noNamespaceSchemaLocation="https://maven.apache.org/surefire/maven-surefire-plugin/xsd/surefire-test-report-3.0.xsd" version="3.0" name="com.factory.cucumber.runner.RunCucumberTest" time="2.865" tests="16" errors="6" skipped="2" failures="3">
  <properties>
[...]
</properties>
  <testcase name="Given I want to set URL as &quot;/api/users?page=2&quot; for test case &quot;Demo test&quot;" classname="| Demo test | /api/users?page=2 | application/json |  | GET | 200 |" time="0.002"/>
  <testcase name="Given I want to set URL as &quot;/api/users?page=2&quot; for test case &quot;Demo test&quot;" classname="| Demo test | /api/users?page=2 | application/json |  | GET | 200 |" time="0"/>
  <testcase name="When I set header content type as &quot;application/json&quot;" classname="| Demo test | /api/users?page=2 | application/json |  | GET | 200 |" time="0"/>
  <testcase name="When I set header content type as &quot;application/json&quot;" classname="| Demo test | /api/users?page=2 | application/json |  | GET | 200 |" time="0"/>
  <testcase name="When I hit the API with requestbody &quot;&quot; and request method is &quot;GET&quot;" classname="| Demo test | /api/users?page=2 | application/json |  | GET | 200 |" time="0.009">
    <error message="Could not initialize class org.codehaus.groovy.reflection.ReflectionCache" type="java.lang.NoClassDefFoundError">java.lang.NoClassDefFoundError: Could not initialize class org.codehaus.groovy.reflection.ReflectionCache
</error>
    <system-err><![CDATA[java.lang.NoClassDefFoundError: Could not initialize class org.codehaus.groovy.vmplugin.v7.Java7
	at org.codehaus.groovy.vmplugin.VMPluginFactory.<clinit>(VMPluginFactory.java:43)
	at org.codehaus.groovy.reflection.GroovyClassValueFactory.<clinit>(GroovyClassValueFactory.java:35)
	at org.codehaus.groovy.reflection.ClassInfo.<clinit>(ClassInfo.java:107)
	at org.codehaus.groovy.reflection.ReflectionCache.getCachedClass(ReflectionCache.java:95)
	at org.codehaus.groovy.reflection.ReflectionCache.<clinit>(ReflectionCache.java:39)
	at org.codehaus.groovy.runtime.metaclass.MetaClassRegistryImpl.registerMethods(MetaClassRegistryImpl.java:209)
	at org.codehaus.groovy.runtime.metaclass.MetaClassRegistryImpl.<init>(MetaClassRegistryImpl.java:107)
	at org.codehaus.groovy.runtime.metaclass.MetaClassRegistryImpl.<init>(MetaClassRegistryImpl.java:85)
	at groovy.lang.GroovySystem.<clinit>(GroovySystem.java:36)
	at org.codehaus.groovy.runtime.InvokerHelper.<clinit>(InvokerHelper.java:86)
	at org.codehaus.groovy.runtime.ScriptBytecodeAdapter.createMap(ScriptBytecodeAdapter.java:635)
	at io.restassured.internal.ResponseParserRegistrar.<init>(ResponseParserRegistrar.groovy)
	at io.restassured.RestAssured.<clinit>(RestAssured.java:346)
	at com.factory.cucumber.stepdefinitions.StepDefinitionsTest.submitRequest(StepDefinitionsTest.java:59)
	at java.base/jdk.internal.reflect.NativeMethodAccessorImpl.invoke0(Native Method)
	at java.base/jdk.internal.reflect.NativeMethodAccessorImpl.invoke(NativeMethodAccessorImpl.java:62)
	at java.base/jdk.internal.reflect.DelegatingMethodAccessorImpl.invoke(DelegatingMethodAccessorImpl.java:43)
	at java.base/java.lang.reflect.Method.invoke(Method.java:564)
	at cucumber.runtime.Utils$1.call(Utils.java:40)
	at cucumber.runtime.Timeout.timeout(Timeout.java:16)
	at cucumber.runtime.Utils.invoke(Utils.java:34)
	at cucumber.runtime.java.JavaStepDefinition.execute(JavaStepDefinition.java:38)
	at cucumber.runtime.StepDefinitionMatch.runStep(StepDefinitionMatch.java:37)
	at cucumber.runtime.Runtime.runStep(Runtime.java:300)
	at cucumber.runtime.model.StepContainer.runStep(StepContainer.java:44)
	at cucumber.runtime.model.StepContainer.runSteps(StepContainer.java:39)
	at cucumber.runtime.model.CucumberScenario.run(CucumberScenario.java:44)
	at cucumber.runtime.junit.ExecutionUnitRunner.run(ExecutionUnitRunner.java:102)
	at org.junit.runners.Suite.runChild(Suite.java:128)
	at org.junit.runners.Suite.runChild(Suite.java:27)
	at org.junit.runners.ParentRunner$3.run(ParentRunner.java:290)
	at org.junit.runners.ParentRunner$1.schedule(ParentRunner.java:71)
	at org.junit.runners.ParentRunner.runChildren(ParentRunner.java:288)
	at org.junit.runners.ParentRunner.access$000(ParentRunner.java:58)
	at org.junit.runners.ParentRunner$2.evaluate(ParentRunner.java:268)
	at org.junit.runners.ParentRunner.run(ParentRunner.java:363)
	at cucumber.runtime.junit.ExamplesRunner.run(ExamplesRunner.java:59)
	at org.junit.runners.Suite.runChild(Suite.java:128)
	at org.junit.runners.Suite.runChild(Suite.java:27)
	at org.junit.runners.ParentRunner$3.run(ParentRunner.java:290)
	at org.junit.runners.ParentRunner$1.schedule(ParentRunner.java:71)
	at org.junit.runners.ParentRunner.runChildren(ParentRunner.java:288)
	at org.junit.runners.ParentRunner.access$000(ParentRunner.java:58)
	at org.junit.runners.ParentRunner$2.evaluate(ParentRunner.java:268)
	at org.junit.runners.ParentRunner.run(ParentRunner.java:363)
	at cucumber.runtime.junit.ScenarioOutlineRunner.run(ScenarioOutlineRunner.java:53)
	at cucumber.runtime.junit.FeatureRunner.runChild(FeatureRunner.java:63)
	at cucumber.runtime.junit.FeatureRunner.runChild(FeatureRunner.java:18)
	at org.junit.runners.ParentRunner$3.run(ParentRunner.java:290)
	at org.junit.runners.ParentRunner$1.schedule(ParentRunner.java:71)
	at org.junit.runners.ParentRunner.runChildren(ParentRunner.java:288)
	at org.junit.runners.ParentRunner.access$000(ParentRunner.java:58)
	at org.junit.runners.ParentRunner$2.evaluate(ParentRunner.java:268)
	at org.junit.runners.ParentRunner.run(ParentRunner.java:363)
	at cucumber.runtime.junit.FeatureRunner.run(FeatureRunner.java:70)
	at cucumber.api.junit.Cucumber.runChild(Cucumber.java:95)
	at cucumber.api.junit.Cucumber.runChild(Cucumber.java:38)
	at org.junit.runners.ParentRunner$3.run(ParentRunner.java:290)
	at org.junit.runners.ParentRunner$1.schedule(ParentRunner.java:71)
	at org.junit.runners.ParentRunner.runChildren(ParentRunner.java:288)
	at org.junit.runners.ParentRunner.access$000(ParentRunner.java:58)
	at org.junit.runners.ParentRunner$2.evaluate(ParentRunner.java:268)
	at org.junit.internal.runners.statements.RunAfters.evaluate(RunAfters.java:27)
	at org.junit.runners.ParentRunner.run(ParentRunner.java:363)
	at cucumber.api.junit.Cucumber.run(Cucumber.java:100)
	at org.apache.maven.surefire.junit4.JUnit4Provider.execute(JUnit4Provider.java:365)
	at org.apache.maven.surefire.junit4.JUnit4Provider.executeWithRerun(JUnit4Provider.java:273)
	at org.apache.maven.surefire.junit4.JUnit4Provider.executeTestSet(JUnit4Provider.java:238)
	at org.apache.maven.surefire.junit4.JUnit4Provider.invoke(JUnit4Provider.java:159)
	at org.apache.maven.surefire.booter.ForkedBooter.invokeProviderInSameClassLoader(ForkedBooter.java:384)
	at org.apache.maven.surefire.booter.ForkedBooter.runSuitesInProcess(ForkedBooter.java:345)
	at org.apache.maven.surefire.booter.ForkedBooter.execute(ForkedBooter.java:126)
	at org.apache.maven.surefire.booter.ForkedBooter.main(ForkedBooter.java:418)
]]></system-err>
  </testcase>
  <testcase name="When I hit the API with requestbody &quot;&quot; and request method is &quot;GET&quot;" classname="| Demo test | /api/users?page=2 | application/json |  | GET | 200 |" time="0">
    <error message="Could not initialize class io.restassured.RestAssured" type="java.lang.NoClassDefFoundError">java.lang.NoClassDefFoundError: Could not initialize class io.restassured.RestAssured
</error>
  </testcase>
  <testcase name="| Demo test | /api/users?page=2 | application/json |  | GET | 200 |" classname="| Demo test | /api/users?page=2 | application/json |  | GET | 200 |" time="0.009">
    <error message="Could not initialize class org.codehaus.groovy.reflection.ReflectionCache" type="java.lang.NoClassDefFoundError">java.lang.NoClassDefFoundError: Could not initialize class org.codehaus.groovy.reflection.ReflectionCache
</error>
  </testcase>
  <testcase name="| Demo test | /api/users?page=2 | application/json |  | GET | 200 |" classname="| Demo test | /api/users?page=2 | application/json |  | GET | 200 |" time="0.028">
    <failure message="expected:&lt;null&gt; but was:&lt;200&gt;" type="java.lang.AssertionError"><![CDATA[java.lang.AssertionError: expected:<null> but was:<200>
]]></failure>
  </testcase>
  <testcase name="| Demo test | /api/users?page=2 | application/json |  | GET | 200 |" classname="| Demo test | /api/users?page=2 | application/json |  | GET | 200 |" time="0">
    <error message="Could not initialize class io.restassured.RestAssured" type="java.lang.NoClassDefFoundError">java.lang.NoClassDefFoundError: Could not initialize class io.restassured.RestAssured
</error>
  </testcase>
  <testcase name="| Demo test | /api/users?page=2 | application/json |  | GET | 200 |" classname="| Demo test | /api/users?page=2 | application/json |  | GET | 200 |" time="0">
    <failure message="expected:&lt;null&gt; but was:&lt;200&gt;" type="java.lang.AssertionError"><![CDATA[java.lang.AssertionError: expected:<null> but was:<200>
]]></failure>
  </testcase>
  <testcase name="Then I try to verify the status code is &quot;200&quot;" classname="| Demo test | /api/users?page=2 | application/json |  | GET | 200 |" time="0">
    <skipped/>
  </testcase>
  <testcase name="Then I try to verify the status code is &quot;200&quot;" classname="| Demo test | /api/users?page=2 | application/json |  | GET | 200 |" time="0">
    <skipped/>
  </testcase>
  <testcase name="When I set header content type as &quot;application/json&quot;" classname="| application/json |  | GET |" time="0"/>
  <testcase name="When I hit the API with requestbody &quot;&quot; and request method is &quot;GET&quot;" classname="| application/json |  | GET |" time="0">
    <error message="Could not initialize class io.restassured.RestAssured" type="java.lang.NoClassDefFoundError">java.lang.NoClassDefFoundError: Could not initialize class io.restassured.RestAssured
</error>
  </testcase>
  <testcase name="| application/json |  | GET |" classname="| application/json |  | GET |" time="0">
    <error message="Could not initialize class io.restassured.RestAssured" type="java.lang.NoClassDefFoundError">java.lang.NoClassDefFoundError: Could not initialize class io.restassured.RestAssured
</error>
  </testcase>
  <testcase name="| application/json |  | GET |" classname="| application/json |  | GET |" time="0.001">
    <failure message="expected:&lt;null&gt; but was:&lt;200&gt;" type="java.lang.AssertionError"><![CDATA[java.lang.AssertionError: expected:<null> but was:<200>
]]></failure>
  </testcase>
</testsuite>